<?xml version="1.0" encoding="UTF-8"?>
<testsuite name="Actualizar Usuarios" tests="2" skipped="0" failures="0" errors="0" timestamp="2021-06-21T23:08:23" hostname="DESKTOP-DB3G5AQ" time="1.382">
  <properties/>
  <testcase name="Actualizacion de un usuario exitosa" classname="Actualizar Usuarios" time="0.66"/>
  <testcase name="Actualizacion de un usuario con endpoint incorrecto" classname="Actualizar Usuarios" time="0.692"/>
  <system-out><![CDATA[]]></system-out>
  <system-err><![CDATA[[Test worker] INFO net.thucydides.core.steps.ConsoleLoggingListener - 
        __    _____ _____ ____ _____   ____   _    ____  ____  _____ ____  
  _     \ \  |_   _| ____/ ___|_   _| |  _ \ / \  / ___|/ ___|| ____|  _ \ 
 (_)_____| |   | | |  _| \___ \ | |   | |_) / _ \ \___ \\___ \|  _| | | | |
  _|_____| |   | | | |___ ___) || |   |  __/ ___ \ ___) |___) | |___| |_| |
 (_)     | |   |_| |_____|____/ |_|   |_| /_/   \_\____/|____/|_____|____/ 
        /_/                                                                

TEST PASSED: Actualizacion de un usuario exitosa
----------------------------------------------------------------------------
[Test worker] INFO net.thucydides.core.steps.ConsoleLoggingListener - 
        __    _____ _____ ____ _____   ____   _    ____  ____  _____ ____  
  _     \ \  |_   _| ____/ ___|_   _| |  _ \ / \  / ___|/ ___|| ____|  _ \ 
 (_)_____| |   | | |  _| \___ \ | |   | |_) / _ \ \___ \\___ \|  _| | | | |
  _|_____| |   | | | |___ ___) || |   |  __/ ___ \ ___) |___) | |___| |_| |
 (_)     | |   |_| |_____|____/ |_|   |_| /_/   \_\____/|____/|_____|____/ 
        /_/                                                                

TEST PASSED: Actualizacion de un usuario con endpoint incorrecto
----------------------------------------------------------------------------
]]></system-err>
</testsuite>
