<?xml version="1.0" encoding="UTF-8"?>
<testsuite name="Prueba Codificacion" tests="2" skipped="0" failures="0" errors="0" timestamp="2021-06-21T23:07:56" hostname="DESKTOP-DB3G5AQ" time="2.258">
  <properties/>
  <testcase name="Crear empleados" classname="Prueba Codificacion" time="1.989"/>
  <testcase name="Consulta empleados" classname="Prueba Codificacion" time="0.219"/>
  <system-out><![CDATA[idEmpleado | nombre | meses | salario
12258 	Simon 	3 	6000000
12258 	Simon 	3 	6000000
]]></system-out>
  <system-err><![CDATA[[Test worker] INFO net.thucydides.core.steps.ConsoleLoggingListener - 
        __    _____ _____ ____ _____   ____   _    ____  ____  _____ ____  
  _     \ \  |_   _| ____/ ___|_   _| |  _ \ / \  / ___|/ ___|| ____|  _ \ 
 (_)_____| |   | | |  _| \___ \ | |   | |_) / _ \ \___ \\___ \|  _| | | | |
  _|_____| |   | | | |___ ___) || |   |  __/ ___ \ ___) |___) | |___| |_| |
 (_)     | |   |_| |_____|____/ |_|   |_| /_/   \_\____/|____/|_____|____/ 
        /_/                                                                

TEST PASSED: Crear empleados
----------------------------------------------------------------------------
[Test worker] INFO net.thucydides.core.steps.ConsoleLoggingListener - 
        __    _____ _____ ____ _____   ____   _    ____  ____  _____ ____  
  _     \ \  |_   _| ____/ ___|_   _| |  _ \ / \  / ___|/ ___|| ____|  _ \ 
 (_)_____| |   | | |  _| \___ \ | |   | |_) / _ \ \___ \\___ \|  _| | | | |
  _|_____| |   | | | |___ ___) || |   |  __/ ___ \ ___) |___) | |___| |_| |
 (_)     | |   |_| |_____|____/ |_|   |_| /_/   \_\____/|____/|_____|____/ 
        /_/                                                                

TEST PASSED: Consulta empleados
----------------------------------------------------------------------------
]]></system-err>
</testsuite>
